{"C:\\Users\\guzma\\OneDrive\\Documentos\\SGPD\\SGPD\\backend\\src\\controllers\\appointmentRequestController.js": {"path":"C:\\Users\\guzma\\OneDrive\\Documentos\\SGPD\\SGPD\\backend\\src\\controllers\\appointmentRequestController.js","statementMap":{"0":{"start":{"line":1,"column":11},"end":{"line":1,"column":31}},"1":{"start":{"line":2,"column":31},"end":{"line":2,"column":51}},"2":{"start":{"line":4,"column":0},"end":{"line":23,"column":2}},"3":{"start":{"line":5,"column":2},"end":{"line":22,"column":3}},"4":{"start":{"line":6,"column":39},"end":{"line":6,"column":47}},"5":{"start":{"line":7,"column":17},"end":{"line":7,"column":25}},"6":{"start":{"line":9,"column":20},"end":{"line":9,"column":76}},"7":{"start":{"line":10,"column":4},"end":{"line":11,"column":71}},"8":{"start":{"line":11,"column":6},"end":{"line":11,"column":71}},"9":{"start":{"line":13,"column":31},"end":{"line":17,"column":6}},"10":{"start":{"line":19,"column":4},"end":{"line":19,"column":45}},"11":{"start":{"line":21,"column":4},"end":{"line":21,"column":49}},"12":{"start":{"line":24,"column":0},"end":{"line":35,"column":2}},"13":{"start":{"line":25,"column":2},"end":{"line":34,"column":3}},"14":{"start":{"line":26,"column":26},"end":{"line":26,"column":35}},"15":{"start":{"line":27,"column":18},"end":{"line":27,"column":20}},"16":{"start":{"line":28,"column":4},"end":{"line":28,"column":47}},"17":{"start":{"line":28,"column":19},"end":{"line":28,"column":47}},"18":{"start":{"line":30,"column":21},"end":{"line":30,"column":67}},"19":{"start":{"line":31,"column":4},"end":{"line":31,"column":23}},"20":{"start":{"line":33,"column":4},"end":{"line":33,"column":49}},"21":{"start":{"line":36,"column":0},"end":{"line":53,"column":2}},"22":{"start":{"line":37,"column":2},"end":{"line":52,"column":3}},"23":{"start":{"line":38,"column":19},"end":{"line":38,"column":29}},"24":{"start":{"line":39,"column":23},"end":{"line":39,"column":31}},"25":{"start":{"line":41,"column":20},"end":{"line":41,"column":60}},"26":{"start":{"line":42,"column":4},"end":{"line":44,"column":5}},"27":{"start":{"line":43,"column":6},"end":{"line":43,"column":74}},"28":{"start":{"line":46,"column":4},"end":{"line":46,"column":46}},"29":{"start":{"line":47,"column":4},"end":{"line":47,"column":25}},"30":{"start":{"line":49,"column":4},"end":{"line":49,"column":22}},"31":{"start":{"line":51,"column":4},"end":{"line":51,"column":49}}},"fnMap":{"0":{"name":"(anonymous_0)","decl":{"start":{"line":4,"column":24},"end":{"line":4,"column":25}},"loc":{"start":{"line":4,"column":44},"end":{"line":23,"column":1}},"line":4},"1":{"name":"(anonymous_1)","decl":{"start":{"line":24,"column":15},"end":{"line":24,"column":16}},"loc":{"start":{"line":24,"column":35},"end":{"line":35,"column":1}},"line":24},"2":{"name":"(anonymous_2)","decl":{"start":{"line":36,"column":23},"end":{"line":36,"column":24}},"loc":{"start":{"line":36,"column":43},"end":{"line":53,"column":1}},"line":36}},"branchMap":{"0":{"loc":{"start":{"line":10,"column":4},"end":{"line":11,"column":71}},"type":"if","locations":[{"start":{"line":10,"column":4},"end":{"line":11,"column":71}},{"start":{},"end":{}}],"line":10},"1":{"loc":{"start":{"line":16,"column":21},"end":{"line":16,"column":67}},"type":"cond-expr","locations":[{"start":{"line":16,"column":37},"end":{"line":16,"column":60}},{"start":{"line":16,"column":63},"end":{"line":16,"column":67}}],"line":16},"2":{"loc":{"start":{"line":28,"column":4},"end":{"line":28,"column":47}},"type":"if","locations":[{"start":{"line":28,"column":4},"end":{"line":28,"column":47}},{"start":{},"end":{}}],"line":28},"3":{"loc":{"start":{"line":42,"column":4},"end":{"line":44,"column":5}},"type":"if","locations":[{"start":{"line":42,"column":4},"end":{"line":44,"column":5}},{"start":{},"end":{}}],"line":42},"4":{"loc":{"start":{"line":46,"column":21},"end":{"line":46,"column":45}},"type":"binary-expr","locations":[{"start":{"line":46,"column":21},"end":{"line":46,"column":27}},{"start":{"line":46,"column":31},"end":{"line":46,"column":45}}],"line":46}},"s":{"0":3,"1":3,"2":3,"3":8,"4":8,"5":8,"6":8,"7":7,"8":3,"9":4,"10":4,"11":1,"12":3,"13":5,"14":5,"15":5,"16":5,"17":2,"18":5,"19":4,"20":1,"21":3,"22":5,"23":5,"24":5,"25":5,"26":4,"27":1,"28":3,"29":3,"30":2,"31":2},"f":{"0":8,"1":5,"2":5},"b":{"0":[3,4],"1":[3,1],"2":[2,3],"3":[1,3],"4":[3,1]},"_coverageSchema":"1a1c01bbd47fc00a2c39e90264f33305004495a9","hash":"066ddb28d39432fe8b91111239505b0732074fec"}
}
