TN:
SF:src\controllers\appointmentRequestController.js
FN:4,(anonymous_0)
FN:24,(anonymous_1)
FN:36,(anonymous_2)
FNF:3
FNH:3
FNDA:8,(anonymous_0)
FNDA:5,(anonymous_1)
FNDA:5,(anonymous_2)
DA:1,3
DA:2,3
DA:4,3
DA:5,8
DA:6,8
DA:7,8
DA:9,8
DA:10,7
DA:11,3
DA:13,4
DA:19,4
DA:21,1
DA:24,3
DA:25,5
DA:26,5
DA:27,5
DA:28,5
DA:30,5
DA:31,4
DA:33,1
DA:36,3
DA:37,5
DA:38,5
DA:39,5
DA:41,5
DA:42,4
DA:43,1
DA:46,3
DA:47,3
DA:49,2
DA:51,2
LF:31
LH:31
BRDA:10,0,0,3
BRDA:10,0,1,4
BRDA:16,1,0,3
BRDA:16,1,1,1
BRDA:28,2,0,2
BRDA:28,2,1,3
BRDA:42,3,0,1
BRDA:42,3,1,3
BRDA:46,4,0,3
BRDA:46,4,1,1
BRF:10
BRH:10
end_of_record
