TN:
SF:src\controllers\appointmentRequestController.js
FN:4,(anonymous_0)
FN:25,(anonymous_1)
FN:37,(anonymous_2)
FNF:3
FNH:3
FNDA:8,(anonymous_0)
FNDA:5,(anonymous_1)
FNDA:5,(anonymous_2)
DA:1,3
DA:2,3
DA:4,3
DA:5,8
DA:6,8
DA:7,8
DA:10,8
DA:11,7
DA:12,3
DA:14,4
DA:20,4
DA:22,1
DA:25,3
DA:26,5
DA:27,5
DA:28,5
DA:29,5
DA:31,5
DA:32,4
DA:34,1
DA:37,3
DA:38,5
DA:39,5
DA:40,5
DA:42,5
DA:43,4
DA:44,1
DA:47,3
DA:48,3
DA:50,2
DA:52,2
LF:31
LH:31
BRDA:11,0,0,3
BRDA:11,0,1,4
BRDA:17,1,0,3
BRDA:17,1,1,1
BRDA:29,2,0,2
BRDA:29,2,1,3
BRDA:43,3,0,1
BRDA:43,3,1,3
BRDA:47,4,0,3
BRDA:47,4,1,1
BRF:10
BRH:10
end_of_record
